<?xml version="1.0" encoding="UTF-8"?>
<testng-results ignored="0" total="13" passed="11" failed="2" skipped="0">
  <reporter-output>
  </reporter-output>
  <suite started-at="2024-01-08T17:46:55 EST" name="Default suite" finished-at="2024-01-08T17:48:14 EST" duration-ms="79376">
    <groups>
      <group name="cucumber">
        <method signature="AbstractTestNGCucumberTests.runScenario(io.cucumber.testng.PickleWrapper,io.cucumber.testng.FeatureWrapper)[pri:0, instance:parallel.TestRunner@4b2bac3f]" name="runScenario" class="io.cucumber.testng.AbstractTestNGCucumberTests"/>
      </group> <!-- cucumber -->
    </groups>
    <test started-at="2024-01-08T17:46:55 EST" name="Default test" finished-at="2024-01-08T17:48:14 EST" duration-ms="79376">
      <class name="parallel.TestRunner">
        <test-method is-config="true" signature="setUpClass(org.testng.ITestContext)[pri:0, instance:parallel.TestRunner@4b2bac3f]" started-at="2024-01-08T17:46:55 EST" name="setUpClass" finished-at="2024-01-08T17:46:56 EST" duration-ms="1366" status="PASS">
          <params>
            <param index="0">
              <value>
                <![CDATA[org.testng.TestRunner@21390938]]>
              </value>
            </param>
          </params>
          <reporter-output>
          </reporter-output>
        </test-method> <!-- setUpClass -->
        <test-method signature="runScenario(io.cucumber.testng.PickleWrapper,io.cucumber.testng.FeatureWrapper)[pri:0, instance:parallel.TestRunner@4b2bac3f]" started-at="2024-01-08T17:46:56 EST" name="runScenario" description="Runs Cucumber Scenarios" data-provider="scenarios" finished-at="2024-01-08T17:47:25 EST" duration-ms="29087" status="PASS">
          <params>
            <param index="0">
              <value>
                <![CDATA["Clicking the graph representation button"]]>
              </value>
            </param>
            <param index="1">
              <value>
                <![CDATA["Testing Graph data Structure"]]>
              </value>
            </param>
          </params>
          <reporter-output>
          </reporter-output>
        </test-method> <!-- runScenario -->
        <test-method signature="runScenario(io.cucumber.testng.PickleWrapper,io.cucumber.testng.FeatureWrapper)[pri:0, instance:parallel.TestRunner@4b2bac3f]" started-at="2024-01-08T17:46:56 EST" name="runScenario" description="Runs Cucumber Scenarios" data-provider="scenarios" finished-at="2024-01-08T17:47:27 EST" duration-ms="31012" status="FAIL">
          <params>
            <param index="0">
              <value>
                <![CDATA["User Registration"]]>
              </value>
            </param>
            <param index="1">
              <value>
                <![CDATA["The user opens Register Page"]]>
              </value>
            </param>
          </params>
          <exception class="java.lang.AssertionError">
            <message>
              <![CDATA[expected [New Account Created. You are logged in as Username] but found [Username:
Required. 150 characters or fewer. Letters, digits and @/./+/-/_ only. Password:
Your password can’t be too similar to your other personal information.
Your password must contain at least 8 characters.
Your password can’t be a commonly used password.
Your password can’t be entirely numeric.
Password confirmation:
Enter the same password as before, for verification.

If you already have an account, please Login instead!]]]>
            </message>
            <full-stacktrace>
              <![CDATA[java.lang.AssertionError: expected [New Account Created. You are logged in as Username] but found [Username:
Required. 150 characters or fewer. Letters, digits and @/./+/-/_ only. Password:
Your password can’t be too similar to your other personal information.
Your password must contain at least 8 characters.
Your password can’t be a commonly used password.
Your password can’t be entirely numeric.
Password confirmation:
Enter the same password as before, for verification.

If you already have an account, please Login instead!]
at org.testng.Assert.fail(Assert.java:111)
at org.testng.Assert.failNotEquals(Assert.java:1578)
at org.testng.Assert.assertEqualsImpl(Assert.java:150)
at org.testng.Assert.assertEquals(Assert.java:132)
at org.testng.Assert.assertEquals(Assert.java:656)
at org.testng.Assert.assertEquals(Assert.java:666)
at parallel.Register.the_user_should_be_redirected_to_homepage_with_the_message(Register.java:140)
at ✽.The user should be redirected to Homepage with the message "New Account Created. You are logged in as Username"(file:///C:/Users/DELL/eclipse-workspace/Stunningninja_parallel/src/test/resources/parallel/02Register.feature:47)
]]>
            </full-stacktrace>
          </exception> <!-- java.lang.AssertionError -->
          <reporter-output>
          </reporter-output>
        </test-method> <!-- runScenario -->
        <test-method signature="runScenario(io.cucumber.testng.PickleWrapper,io.cucumber.testng.FeatureWrapper)[pri:0, instance:parallel.TestRunner@4b2bac3f]" started-at="2024-01-08T17:46:56 EST" name="runScenario" description="Runs Cucumber Scenarios" data-provider="scenarios" finished-at="2024-01-08T17:47:19 EST" duration-ms="22646" status="PASS">
          <params>
            <param index="0">
              <value>
                <![CDATA["Clicking the graph button"]]>
              </value>
            </param>
            <param index="1">
              <value>
                <![CDATA["Testing Graph data Structure"]]>
              </value>
            </param>
          </params>
          <reporter-output>
          </reporter-output>
        </test-method> <!-- runScenario -->
        <test-method signature="runScenario(io.cucumber.testng.PickleWrapper,io.cucumber.testng.FeatureWrapper)[pri:0, instance:parallel.TestRunner@4b2bac3f]" started-at="2024-01-08T17:46:56 EST" name="runScenario" description="Runs Cucumber Scenarios" data-provider="scenarios" finished-at="2024-01-08T17:47:12 EST" duration-ms="16445" status="PASS">
          <params>
            <param index="0">
              <value>
                <![CDATA["Sign in to portal"]]>
              </value>
            </param>
            <param index="1">
              <value>
                <![CDATA["Sign in Feature"]]>
              </value>
            </param>
          </params>
          <reporter-output>
          </reporter-output>
        </test-method> <!-- runScenario -->
        <test-method signature="runScenario(io.cucumber.testng.PickleWrapper,io.cucumber.testng.FeatureWrapper)[pri:0, instance:parallel.TestRunner@4b2bac3f]" started-at="2024-01-08T17:46:56 EST" name="runScenario" description="Runs Cucumber Scenarios" data-provider="scenarios" finished-at="2024-01-08T17:47:13 EST" duration-ms="17218" status="PASS">
          <params>
            <param index="0">
              <value>
                <![CDATA["Sign in to portal"]]>
              </value>
            </param>
            <param index="1">
              <value>
                <![CDATA["Sign in Feature"]]>
              </value>
            </param>
          </params>
          <reporter-output>
          </reporter-output>
        </test-method> <!-- runScenario -->
        <test-method signature="runScenario(io.cucumber.testng.PickleWrapper,io.cucumber.testng.FeatureWrapper)[pri:0, instance:parallel.TestRunner@4b2bac3f]" started-at="2024-01-08T17:46:56 EST" name="runScenario" description="Runs Cucumber Scenarios" data-provider="scenarios" finished-at="2024-01-08T17:47:29 EST" duration-ms="32830" status="PASS">
          <params>
            <param index="0">
              <value>
                <![CDATA["DataStructures"]]>
              </value>
            </param>
            <param index="1">
              <value>
                <![CDATA["DataStructures"]]>
              </value>
            </param>
          </params>
          <reporter-output>
          </reporter-output>
        </test-method> <!-- runScenario -->
        <test-method signature="runScenario(io.cucumber.testng.PickleWrapper,io.cucumber.testng.FeatureWrapper)[pri:0, instance:parallel.TestRunner@4b2bac3f]" started-at="2024-01-08T17:46:56 EST" name="runScenario" description="Runs Cucumber Scenarios" data-provider="scenarios" finished-at="2024-01-08T17:47:12 EST" duration-ms="16429" status="PASS">
          <params>
            <param index="0">
              <value>
                <![CDATA["Sign in to portal"]]>
              </value>
            </param>
            <param index="1">
              <value>
                <![CDATA["Sign in Feature"]]>
              </value>
            </param>
          </params>
          <reporter-output>
          </reporter-output>
        </test-method> <!-- runScenario -->
        <test-method signature="runScenario(io.cucumber.testng.PickleWrapper,io.cucumber.testng.FeatureWrapper)[pri:0, instance:parallel.TestRunner@4b2bac3f]" started-at="2024-01-08T17:46:56 EST" name="runScenario" description="Runs Cucumber Scenarios" data-provider="scenarios" finished-at="2024-01-08T17:47:22 EST" duration-ms="26017" status="PASS">
          <params>
            <param index="0">
              <value>
                <![CDATA["Home page"]]>
              </value>
            </param>
            <param index="1">
              <value>
                <![CDATA["User opens Home page"]]>
              </value>
            </param>
          </params>
          <reporter-output>
          </reporter-output>
        </test-method> <!-- runScenario -->
        <test-method signature="runScenario(io.cucumber.testng.PickleWrapper,io.cucumber.testng.FeatureWrapper)[pri:0, instance:parallel.TestRunner@4b2bac3f]" started-at="2024-01-08T17:46:56 EST" name="runScenario" description="Runs Cucumber Scenarios" data-provider="scenarios" finished-at="2024-01-08T17:47:08 EST" duration-ms="11681" status="FAIL">
          <params>
            <param index="0">
              <value>
                <![CDATA["Sign in to portal"]]>
              </value>
            </param>
            <param index="1">
              <value>
                <![CDATA["Sign in Feature"]]>
              </value>
            </param>
          </params>
          <exception class="org.openqa.selenium.StaleElementReferenceException">
            <message>
              <![CDATA[stale element reference: stale element not found
  (Session info: chrome=120.0.6099.131)
For documentation on this error, please visit: https://www.selenium.dev/documentation/webdriver/troubleshooting/errors#stale-element-reference-exception
Build info: version: '4.15.0', revision: '1d14b5521b'
System info: os.name: 'Windows 11', os.arch: 'amd64', os.version: '10.0', java.version: '21'
Driver info: org.openqa.selenium.chrome.ChromeDriver
Command: [9e1019bdb49884ef747eb55d5f106a66, clickElement {id=BA6DDB8B4B63D5EDD71FA190357498D4_element_3}]
Capabilities {acceptInsecureCerts: false, browserName: chrome, browserVersion: 120.0.6099.131, chrome: {chromedriverVersion: 120.0.6099.109 (3419140ab66..., userDataDir: C:\Users\DELL\AppData\Local...}, fedcm:accounts: true, goog:chromeOptions: {debuggerAddress: localhost:60861}, networkConnectionEnabled: false, pageLoadStrategy: normal, platformName: windows, proxy: Proxy(), se:cdp: ws://localhost:60861/devtoo..., se:cdpVersion: 120.0.6099.131, setWindowRect: true, strictFileInteractability: false, timeouts: {implicit: 0, pageLoad: 300000, script: 30000}, unhandledPromptBehavior: dismiss and notify, webauthn:extension:credBlob: true, webauthn:extension:largeBlob: true, webauthn:extension:minPinLength: true, webauthn:extension:prf: true, webauthn:virtualAuthenticators: true}
Element: [[ChromeDriver: chrome on windows (9e1019bdb49884ef747eb55d5f106a66)] -> xpath: //a[text()='Sign in']]
Session ID: 9e1019bdb49884ef747eb55d5f106a66]]>
            </message>
            <full-stacktrace>
              <![CDATA[org.openqa.selenium.StaleElementReferenceException: stale element reference: stale element not found
  (Session info: chrome=120.0.6099.131)
For documentation on this error, please visit: https://www.selenium.dev/documentation/webdriver/troubleshooting/errors#stale-element-reference-exception
Build info: version: '4.15.0', revision: '1d14b5521b'
System info: os.name: 'Windows 11', os.arch: 'amd64', os.version: '10.0', java.version: '21'
Driver info: org.openqa.selenium.chrome.ChromeDriver
Command: [9e1019bdb49884ef747eb55d5f106a66, clickElement {id=BA6DDB8B4B63D5EDD71FA190357498D4_element_3}]
Capabilities {acceptInsecureCerts: false, browserName: chrome, browserVersion: 120.0.6099.131, chrome: {chromedriverVersion: 120.0.6099.109 (3419140ab66..., userDataDir: C:\Users\DELL\AppData\Local...}, fedcm:accounts: true, goog:chromeOptions: {debuggerAddress: localhost:60861}, networkConnectionEnabled: false, pageLoadStrategy: normal, platformName: windows, proxy: Proxy(), se:cdp: ws://localhost:60861/devtoo..., se:cdpVersion: 120.0.6099.131, setWindowRect: true, strictFileInteractability: false, timeouts: {implicit: 0, pageLoad: 300000, script: 30000}, unhandledPromptBehavior: dismiss and notify, webauthn:extension:credBlob: true, webauthn:extension:largeBlob: true, webauthn:extension:minPinLength: true, webauthn:extension:prf: true, webauthn:virtualAuthenticators: true}
Element: [[ChromeDriver: chrome on windows (9e1019bdb49884ef747eb55d5f106a66)] -> xpath: //a[text()='Sign in']]
Session ID: 9e1019bdb49884ef747eb55d5f106a66
at java.base/jdk.internal.reflect.DirectConstructorHandleAccessor.newInstance(DirectConstructorHandleAccessor.java:62)
at java.base/java.lang.reflect.Constructor.newInstanceWithCaller(Constructor.java:502)
at java.base/java.lang.reflect.Constructor.newInstance(Constructor.java:486)
at org.openqa.selenium.remote.codec.w3c.W3CHttpResponseCodec.createException(W3CHttpResponseCodec.java:200)
at org.openqa.selenium.remote.codec.w3c.W3CHttpResponseCodec.decode(W3CHttpResponseCodec.java:133)
at org.openqa.selenium.remote.codec.w3c.W3CHttpResponseCodec.decode(W3CHttpResponseCodec.java:52)
at org.openqa.selenium.remote.HttpCommandExecutor.execute(HttpCommandExecutor.java:191)
at org.openqa.selenium.remote.service.DriverCommandExecutor.invokeExecute(DriverCommandExecutor.java:200)
at org.openqa.selenium.remote.service.DriverCommandExecutor.execute(DriverCommandExecutor.java:175)
at org.openqa.selenium.remote.RemoteWebDriver.execute(RemoteWebDriver.java:607)
at org.openqa.selenium.remote.RemoteWebElement.execute(RemoteWebElement.java:224)
at org.openqa.selenium.remote.RemoteWebElement.click(RemoteWebElement.java:77)
at java.base/jdk.internal.reflect.DirectMethodHandleAccessor.invoke(DirectMethodHandleAccessor.java:103)
at java.base/java.lang.reflect.Method.invoke(Method.java:580)
at org.openqa.selenium.support.pagefactory.internal.LocatingElementHandler.invoke(LocatingElementHandler.java:51)
at jdk.proxy2/jdk.proxy2.$Proxy26.click(Unknown Source)
at parallel.Signin.the_user_opens_sign_in_page(Signin.java:29)
at ✽.The user opens Sign in Page(file:///C:/Users/DELL/eclipse-workspace/Stunningninja_parallel/src/test/resources/parallel/03SignIn.feature:7)
]]>
            </full-stacktrace>
          </exception> <!-- org.openqa.selenium.StaleElementReferenceException -->
          <reporter-output>
          </reporter-output>
        </test-method> <!-- runScenario -->
        <test-method signature="runScenario(io.cucumber.testng.PickleWrapper,io.cucumber.testng.FeatureWrapper)[pri:0, instance:parallel.TestRunner@4b2bac3f]" started-at="2024-01-08T17:46:56 EST" name="runScenario" description="Runs Cucumber Scenarios" data-provider="scenarios" finished-at="2024-01-08T17:47:21 EST" duration-ms="25124" status="PASS">
          <params>
            <param index="0">
              <value>
                <![CDATA["Sign in to portal"]]>
              </value>
            </param>
            <param index="1">
              <value>
                <![CDATA["Sign in Feature"]]>
              </value>
            </param>
          </params>
          <reporter-output>
          </reporter-output>
        </test-method> <!-- runScenario -->
        <test-method signature="runScenario(io.cucumber.testng.PickleWrapper,io.cucumber.testng.FeatureWrapper)[pri:0, instance:parallel.TestRunner@4b2bac3f]" started-at="2024-01-08T17:47:08 EST" name="runScenario" description="Runs Cucumber Scenarios" data-provider="scenarios" finished-at="2024-01-08T17:48:03 EST" duration-ms="55390" status="PASS">
          <params>
            <param index="0">
              <value>
                <![CDATA["Clicking the Tree button"]]>
              </value>
            </param>
            <param index="1">
              <value>
                <![CDATA["Testing Tree data Structure"]]>
              </value>
            </param>
          </params>
          <reporter-output>
          </reporter-output>
        </test-method> <!-- runScenario -->
        <test-method signature="runScenario(io.cucumber.testng.PickleWrapper,io.cucumber.testng.FeatureWrapper)[pri:0, instance:parallel.TestRunner@4b2bac3f]" started-at="2024-01-08T17:47:12 EST" name="runScenario" description="Runs Cucumber Scenarios" data-provider="scenarios" finished-at="2024-01-08T17:47:49 EST" duration-ms="36853" status="PASS">
          <params>
            <param index="0">
              <value>
                <![CDATA["Arrays"]]>
              </value>
            </param>
            <param index="1">
              <value>
                <![CDATA["Testing Array Page"]]>
              </value>
            </param>
          </params>
          <reporter-output>
          </reporter-output>
        </test-method> <!-- runScenario -->
        <test-method signature="runScenario(io.cucumber.testng.PickleWrapper,io.cucumber.testng.FeatureWrapper)[pri:0, instance:parallel.TestRunner@4b2bac3f]" started-at="2024-01-08T17:47:12 EST" name="runScenario" description="Runs Cucumber Scenarios" data-provider="scenarios" finished-at="2024-01-08T17:47:53 EST" duration-ms="40553" status="PASS">
          <params>
            <param index="0">
              <value>
                <![CDATA["Linked List Data Structure"]]>
              </value>
            </param>
            <param index="1">
              <value>
                <![CDATA["Testing Linked List Page"]]>
              </value>
            </param>
          </params>
          <reporter-output>
          </reporter-output>
        </test-method> <!-- runScenario -->
        <test-method is-config="true" signature="tearDownClass()[pri:0, instance:parallel.TestRunner@4b2bac3f]" started-at="2024-01-08T17:48:03 EST" name="tearDownClass" finished-at="2024-01-08T17:48:14 EST" duration-ms="10826" status="PASS">
          <reporter-output>
          </reporter-output>
        </test-method> <!-- tearDownClass -->
      </class> <!-- parallel.TestRunner -->
    </test> <!-- Default test -->
  </suite> <!-- Default suite -->
</testng-results>
