<?xml version="1.0" encoding="UTF-8"?>
<!-- Generated by org.testng.reporters.JUnitReportReporter -->
<testsuite hostname="DESKTOP-2LECONJ" failures="0" tests="8" name="testrunner.TestRunner" time="8.946" errors="7" timestamp="2024-01-06T00:15:02 EST" skipped="0">
  <testcase classname="testrunner.TestRunner" name="runScenario" time="0.466">
    <error message="Cannot invoke &quot;org.openqa.selenium.WebDriver.navigate()&quot; because &quot;StepDefinition.Signin.driver&quot; is null" type="java.lang.NullPointerException">
      <![CDATA[java.lang.NullPointerException: Cannot invoke "org.openqa.selenium.WebDriver.navigate()" because "StepDefinition.Signin.driver" is null
at StepDefinition.Signin.the_user_opens_sign_in_page(Signin.java:26)
at ✽.The user opens Sign in Page(file:///C:/Users/DELL/eclipse-workspace/Stunningninjas/src/test/resources/featurefiles/03SignIn.feature:7)
]]>
    </error>
  </testcase> <!-- runScenario -->
  <testcase classname="testrunner.TestRunner" name="runScenario" time="5.634"/>
  <testcase classname="testrunner.TestRunner" name="runScenario" time="0.467">
    <error message="Cannot invoke &quot;org.openqa.selenium.WebDriver.navigate()&quot; because &quot;StepDefinition.Signin.driver&quot; is null" type="java.lang.NullPointerException">
      <![CDATA[java.lang.NullPointerException: Cannot invoke "org.openqa.selenium.WebDriver.navigate()" because "StepDefinition.Signin.driver" is null
at StepDefinition.Signin.the_user_opens_sign_in_page(Signin.java:26)
at ✽.The user opens Sign in Page(file:///C:/Users/DELL/eclipse-workspace/Stunningninjas/src/test/resources/featurefiles/03SignIn.feature:7)
]]>
    </error>
  </testcase> <!-- runScenario -->
  <testcase classname="testrunner.TestRunner" name="runScenario" time="0.488">
    <error message="Cannot invoke &quot;org.openqa.selenium.WebDriver.navigate()&quot; because &quot;StepDefinition.Register.driver&quot; is null" type="java.lang.NullPointerException">
      <![CDATA[java.lang.NullPointerException: Cannot invoke "org.openqa.selenium.WebDriver.navigate()" because "StepDefinition.Register.driver" is null
at StepDefinition.Register.the_user_opens_register_page(Register.java:41)
at ✽.The user opens Register Page(file:///C:/Users/DELL/eclipse-workspace/Stunningninjas/src/test/resources/featurefiles/02Register.feature:8)
]]>
    </error>
  </testcase> <!-- runScenario -->
  <testcase classname="testrunner.TestRunner" name="runScenario" time="0.467">
    <error message="Cannot invoke &quot;org.openqa.selenium.WebDriver.navigate()&quot; because &quot;StepDefinition.Signin.driver&quot; is null" type="java.lang.NullPointerException">
      <![CDATA[java.lang.NullPointerException: Cannot invoke "org.openqa.selenium.WebDriver.navigate()" because "StepDefinition.Signin.driver" is null
at StepDefinition.Signin.the_user_opens_sign_in_page(Signin.java:26)
at ✽.The user opens Sign in Page(file:///C:/Users/DELL/eclipse-workspace/Stunningninjas/src/test/resources/featurefiles/03SignIn.feature:7)
]]>
    </error>
  </testcase> <!-- runScenario -->
  <testcase classname="testrunner.TestRunner" name="runScenario" time="0.467">
    <error message="Cannot invoke &quot;org.openqa.selenium.WebDriver.navigate()&quot; because &quot;StepDefinition.Signin.driver&quot; is null" type="java.lang.NullPointerException">
      <![CDATA[java.lang.NullPointerException: Cannot invoke "org.openqa.selenium.WebDriver.navigate()" because "StepDefinition.Signin.driver" is null
at StepDefinition.Signin.the_user_opens_sign_in_page(Signin.java:26)
at ✽.The user opens Sign in Page(file:///C:/Users/DELL/eclipse-workspace/Stunningninjas/src/test/resources/featurefiles/03SignIn.feature:7)
]]>
    </error>
  </testcase> <!-- runScenario -->
  <testcase classname="testrunner.TestRunner" name="runScenario" time="0.466">
    <error message="Cannot invoke &quot;org.openqa.selenium.WebDriver.navigate()&quot; because &quot;StepDefinition.Signin.driver&quot; is null" type="java.lang.NullPointerException">
      <![CDATA[java.lang.NullPointerException: Cannot invoke "org.openqa.selenium.WebDriver.navigate()" because "StepDefinition.Signin.driver" is null
at StepDefinition.Signin.the_user_opens_sign_in_page(Signin.java:26)
at ✽.The user opens Sign in Page(file:///C:/Users/DELL/eclipse-workspace/Stunningninjas/src/test/resources/featurefiles/03SignIn.feature:7)
]]>
    </error>
  </testcase> <!-- runScenario -->
  <testcase classname="testrunner.TestRunner" name="runScenario" time="0.491">
    <error message="Cannot invoke &quot;org.openqa.selenium.WebDriver.navigate()&quot; because &quot;StepDefinition.DataStructures.driver&quot; is null" type="java.lang.NullPointerException">
      <![CDATA[java.lang.NullPointerException: Cannot invoke "org.openqa.selenium.WebDriver.navigate()" because "StepDefinition.DataStructures.driver" is null
at StepDefinition.DataStructures.user_is_on_login_page(DataStructures.java:18)
at ✽.User is on Login Page(file:///C:/Users/DELL/eclipse-workspace/Stunningninjas/src/test/resources/featurefiles/04DataStructures.feature:6)
]]>
    </error>
  </testcase> <!-- runScenario -->
</testsuite> <!-- testrunner.TestRunner -->
