<?xml version="1.0" encoding="UTF-8"?>
<!-- Generated by org.testng.reporters.JUnitReportReporter -->
<testsuite hostname="DESKTOP-2LECONJ" failures="1" tests="13" name="parallel.TestRunner" time="361.285" errors="1" timestamp="2024-01-08T17:48:14 EST" skipped="0">
  <testcase classname="parallel.TestRunner" name="runScenario" time="22.646"/>
  <testcase classname="parallel.TestRunner" name="runScenario" time="31.012">
    <failure message="expected [New Account Created. You are logged in as Username] but found [Username:
Required. 150 characters or fewer. Letters, digits and @/./+/-/_ only. Password:
Your password can’t be too similar to your other personal information.
Your password must contain at least 8 characters.
Your password can’t be a commonly used password.
Your password can’t be entirely numeric.
Password confirmation:
Enter the same password as before, for verification.

If you already have an account, please Login instead!]" type="java.lang.AssertionError">
      <![CDATA[java.lang.AssertionError: expected [New Account Created. You are logged in as Username] but found [Username:
Required. 150 characters or fewer. Letters, digits and @/./+/-/_ only. Password:
Your password can’t be too similar to your other personal information.
Your password must contain at least 8 characters.
Your password can’t be a commonly used password.
Your password can’t be entirely numeric.
Password confirmation:
Enter the same password as before, for verification.

If you already have an account, please Login instead!]
at org.testng.Assert.fail(Assert.java:111)
at org.testng.Assert.failNotEquals(Assert.java:1578)
at org.testng.Assert.assertEqualsImpl(Assert.java:150)
at org.testng.Assert.assertEquals(Assert.java:132)
at org.testng.Assert.assertEquals(Assert.java:656)
at org.testng.Assert.assertEquals(Assert.java:666)
at parallel.Register.the_user_should_be_redirected_to_homepage_with_the_message(Register.java:140)
at ✽.The user should be redirected to Homepage with the message "New Account Created. You are logged in as Username"(file:///C:/Users/DELL/eclipse-workspace/Stunningninja_parallel/src/test/resources/parallel/02Register.feature:47)
]]>
    </failure>
  </testcase> <!-- runScenario -->
  <testcase classname="parallel.TestRunner" name="runScenario" time="16.445"/>
  <testcase classname="parallel.TestRunner" name="runScenario" time="16.429"/>
  <testcase classname="parallel.TestRunner" name="runScenario" time="11.681">
    <error message="stale element reference: stale element not found
  (Session info: chrome=120.0.6099.131)
For documentation on this error, please visit: https://www.selenium.dev/documentation/webdriver/troubleshooting/errors#stale-element-reference-exception
Build info: version: &#039;4.15.0&#039;, revision: &#039;1d14b5521b&#039;
System info: os.name: &#039;Windows 11&#039;, os.arch: &#039;amd64&#039;, os.version: &#039;10.0&#039;, java.version: &#039;21&#039;
Driver info: org.openqa.selenium.chrome.ChromeDriver
Command: [9e1019bdb49884ef747eb55d5f106a66, clickElement {id=BA6DDB8B4B63D5EDD71FA190357498D4_element_3}]
Capabilities {acceptInsecureCerts: false, browserName: chrome, browserVersion: 120.0.6099.131, chrome: {chromedriverVersion: 120.0.6099.109 (3419140ab66..., userDataDir: C:\Users\DELL\AppData\Local...}, fedcm:accounts: true, goog:chromeOptions: {debuggerAddress: localhost:60861}, networkConnectionEnabled: false, pageLoadStrategy: normal, platformName: windows, proxy: Proxy(), se:cdp: ws://localhost:60861/devtoo..., se:cdpVersion: 120.0.6099.131, setWindowRect: true, strictFileInteractability: false, timeouts: {implicit: 0, pageLoad: 300000, script: 30000}, unhandledPromptBehavior: dismiss and notify, webauthn:extension:credBlob: true, webauthn:extension:largeBlob: true, webauthn:extension:minPinLength: true, webauthn:extension:prf: true, webauthn:virtualAuthenticators: true}
Element: [[ChromeDriver: chrome on windows (9e1019bdb49884ef747eb55d5f106a66)] -&gt; xpath: //a[text()=&#039;Sign in&#039;]]
Session ID: 9e1019bdb49884ef747eb55d5f106a66" type="org.openqa.selenium.StaleElementReferenceException">
      <![CDATA[org.openqa.selenium.StaleElementReferenceException: stale element reference: stale element not found
  (Session info: chrome=120.0.6099.131)
For documentation on this error, please visit: https://www.selenium.dev/documentation/webdriver/troubleshooting/errors#stale-element-reference-exception
Build info: version: '4.15.0', revision: '1d14b5521b'
System info: os.name: 'Windows 11', os.arch: 'amd64', os.version: '10.0', java.version: '21'
Driver info: org.openqa.selenium.chrome.ChromeDriver
Command: [9e1019bdb49884ef747eb55d5f106a66, clickElement {id=BA6DDB8B4B63D5EDD71FA190357498D4_element_3}]
Capabilities {acceptInsecureCerts: false, browserName: chrome, browserVersion: 120.0.6099.131, chrome: {chromedriverVersion: 120.0.6099.109 (3419140ab66..., userDataDir: C:\Users\DELL\AppData\Local...}, fedcm:accounts: true, goog:chromeOptions: {debuggerAddress: localhost:60861}, networkConnectionEnabled: false, pageLoadStrategy: normal, platformName: windows, proxy: Proxy(), se:cdp: ws://localhost:60861/devtoo..., se:cdpVersion: 120.0.6099.131, setWindowRect: true, strictFileInteractability: false, timeouts: {implicit: 0, pageLoad: 300000, script: 30000}, unhandledPromptBehavior: dismiss and notify, webauthn:extension:credBlob: true, webauthn:extension:largeBlob: true, webauthn:extension:minPinLength: true, webauthn:extension:prf: true, webauthn:virtualAuthenticators: true}
Element: [[ChromeDriver: chrome on windows (9e1019bdb49884ef747eb55d5f106a66)] -> xpath: //a[text()='Sign in']]
Session ID: 9e1019bdb49884ef747eb55d5f106a66
at java.base/jdk.internal.reflect.DirectConstructorHandleAccessor.newInstance(DirectConstructorHandleAccessor.java:62)
at java.base/java.lang.reflect.Constructor.newInstanceWithCaller(Constructor.java:502)
at java.base/java.lang.reflect.Constructor.newInstance(Constructor.java:486)
at org.openqa.selenium.remote.codec.w3c.W3CHttpResponseCodec.createException(W3CHttpResponseCodec.java:200)
at org.openqa.selenium.remote.codec.w3c.W3CHttpResponseCodec.decode(W3CHttpResponseCodec.java:133)
at org.openqa.selenium.remote.codec.w3c.W3CHttpResponseCodec.decode(W3CHttpResponseCodec.java:52)
at org.openqa.selenium.remote.HttpCommandExecutor.execute(HttpCommandExecutor.java:191)
at org.openqa.selenium.remote.service.DriverCommandExecutor.invokeExecute(DriverCommandExecutor.java:200)
at org.openqa.selenium.remote.service.DriverCommandExecutor.execute(DriverCommandExecutor.java:175)
at org.openqa.selenium.remote.RemoteWebDriver.execute(RemoteWebDriver.java:607)
at org.openqa.selenium.remote.RemoteWebElement.execute(RemoteWebElement.java:224)
at org.openqa.selenium.remote.RemoteWebElement.click(RemoteWebElement.java:77)
at java.base/jdk.internal.reflect.DirectMethodHandleAccessor.invoke(DirectMethodHandleAccessor.java:103)
at java.base/java.lang.reflect.Method.invoke(Method.java:580)
at org.openqa.selenium.support.pagefactory.internal.LocatingElementHandler.invoke(LocatingElementHandler.java:51)
at jdk.proxy2/jdk.proxy2.$Proxy26.click(Unknown Source)
at parallel.Signin.the_user_opens_sign_in_page(Signin.java:29)
at ✽.The user opens Sign in Page(file:///C:/Users/DELL/eclipse-workspace/Stunningninja_parallel/src/test/resources/parallel/03SignIn.feature:7)
]]>
    </error>
  </testcase> <!-- runScenario -->
  <testcase classname="parallel.TestRunner" name="runScenario" time="36.853"/>
  <testcase classname="parallel.TestRunner" name="runScenario" time="55.390"/>
  <testcase classname="parallel.TestRunner" name="runScenario" time="17.218"/>
  <testcase classname="parallel.TestRunner" name="runScenario" time="32.830"/>
  <testcase classname="parallel.TestRunner" name="runScenario" time="26.017"/>
  <testcase classname="parallel.TestRunner" name="runScenario" time="29.087"/>
  <testcase classname="parallel.TestRunner" name="runScenario" time="25.124"/>
  <testcase classname="parallel.TestRunner" name="runScenario" time="40.553"/>
</testsuite> <!-- parallel.TestRunner -->
